<?xml version="1.0" encoding="UTF-8"?>
<!-- Generated by org.testng.reporters.JUnitXMLReporter -->
<testsuite hostname="Vijay-PC" name="Default test" tests="3" failures="0" timestamp="11 May 2019 12:35:11 GMT" time="45.787" errors="0">
  <testcase name="validateLoingPageTilte" time="0.029" classname="com.nyco.qa.testcases.LoginPageTest"/>
  <testcase name="nycoLogotest" time="0.053" classname="com.nyco.qa.testcases.LoginPageTest"/>
  <testcase name="loginTest" time="8.258" classname="com.nyco.qa.testcases.LoginPageTest"/>
</testsuite> <!-- Default test -->
