<?xml version="1.0" encoding="UTF-8"?>
<testng-results skipped="0" failed="0" total="3" passed="3">
  <reporter-output>
  </reporter-output>
  <suite name="Default suite" duration-ms="45787" started-at="2019-05-11T12:34:25Z" finished-at="2019-05-11T12:35:11Z">
    <groups>
    </groups>
    <test name="Default test" duration-ms="45787" started-at="2019-05-11T12:34:25Z" finished-at="2019-05-11T12:35:11Z">
      <class name="com.nyco.qa.testcases.LoginPageTest">
        <test-method status="PASS" signature="setUp()[pri:0, instance:com.nyco.qa.testcases.LoginPageTest@62ee68d8]" name="setUp" is-config="true" duration-ms="13767" started-at="2019-05-11T18:04:25Z" finished-at="2019-05-11T18:04:39Z">
          <reporter-output>
          </reporter-output>
        </test-method> <!-- setUp -->
        <test-method status="PASS" signature="validateLoingPageTilte()[pri:0, instance:com.nyco.qa.testcases.LoginPageTest@62ee68d8]" name="validateLoingPageTilte" duration-ms="29" started-at="2019-05-11T18:04:39Z" finished-at="2019-05-11T18:04:39Z">
          <reporter-output>
          </reporter-output>
        </test-method> <!-- validateLoingPageTilte -->
        <test-method status="PASS" signature="tearDown()[pri:0, instance:com.nyco.qa.testcases.LoginPageTest@62ee68d8]" name="tearDown" is-config="true" duration-ms="706" started-at="2019-05-11T18:04:39Z" finished-at="2019-05-11T18:04:40Z">
          <reporter-output>
          </reporter-output>
        </test-method> <!-- tearDown -->
        <test-method status="PASS" signature="setUp()[pri:0, instance:com.nyco.qa.testcases.LoginPageTest@62ee68d8]" name="setUp" is-config="true" duration-ms="11013" started-at="2019-05-11T18:04:40Z" finished-at="2019-05-11T18:04:51Z">
          <reporter-output>
          </reporter-output>
        </test-method> <!-- setUp -->
        <test-method status="PASS" signature="nycoLogotest()[pri:0, instance:com.nyco.qa.testcases.LoginPageTest@62ee68d8]" name="nycoLogotest" duration-ms="53" started-at="2019-05-11T18:04:51Z" finished-at="2019-05-11T18:04:51Z">
          <reporter-output>
          </reporter-output>
        </test-method> <!-- nycoLogotest -->
        <test-method status="PASS" signature="tearDown()[pri:0, instance:com.nyco.qa.testcases.LoginPageTest@62ee68d8]" name="tearDown" is-config="true" duration-ms="654" started-at="2019-05-11T18:04:51Z" finished-at="2019-05-11T18:04:52Z">
          <reporter-output>
          </reporter-output>
        </test-method> <!-- tearDown -->
        <test-method status="PASS" signature="setUp()[pri:0, instance:com.nyco.qa.testcases.LoginPageTest@62ee68d8]" name="setUp" is-config="true" duration-ms="10602" started-at="2019-05-11T18:04:52Z" finished-at="2019-05-11T18:05:02Z">
          <reporter-output>
          </reporter-output>
        </test-method> <!-- setUp -->
        <test-method status="PASS" signature="loginTest()[pri:0, instance:com.nyco.qa.testcases.LoginPageTest@62ee68d8]" name="loginTest" duration-ms="8258" started-at="2019-05-11T18:05:02Z" finished-at="2019-05-11T18:05:10Z">
          <reporter-output>
          </reporter-output>
        </test-method> <!-- loginTest -->
        <test-method status="PASS" signature="tearDown()[pri:0, instance:com.nyco.qa.testcases.LoginPageTest@62ee68d8]" name="tearDown" is-config="true" duration-ms="682" started-at="2019-05-11T18:05:10Z" finished-at="2019-05-11T18:05:11Z">
          <reporter-output>
          </reporter-output>
        </test-method> <!-- tearDown -->
      </class> <!-- com.nyco.qa.testcases.LoginPageTest -->
    </test> <!-- Default test -->
  </suite> <!-- Default suite -->
</testng-results>
